Arguments: 
  /Users/diogomotapinto/.nvm/versions/node/v16.14.2/bin/node /usr/local/bin/yarn add three @react-three/fiber

PATH: 
  /Users/diogomotapinto/.nvm/versions/node/v16.14.2/bin:/Library/Frameworks/Python.framework/Versions/3.9/bin:/usr/local/bin:/usr/bin:/bin:/usr/sbin:/sbin:/Library/Apple/usr/bin:/Users/diogomotapinto/.cargo/bin:/Users/diogomotapinto/.fzf/bin

Yarn version: 
  1.22.11

Node version: 
  16.14.2

Platform: 
  darwin x64

Trace: 
  Error: https://osdi-shared-405507331778.d.codeartifact.eu-central-1.amazonaws.com/npm/osdi-respository/three: Unauthenticated: request used expired credentials. Please renew your credentials.
      at Request.params.callback [as _callback] (/usr/local/lib/node_modules/yarn/lib/cli.js:66992:18)
      at Request.self.callback (/usr/local/lib/node_modules/yarn/lib/cli.js:140763:22)
      at Request.emit (node:events:526:28)
      at Request.<anonymous> (/usr/local/lib/node_modules/yarn/lib/cli.js:141735:10)
      at Request.emit (node:events:526:28)
      at Gunzip.<anonymous> (/usr/local/lib/node_modules/yarn/lib/cli.js:141657:12)
      at Object.onceWrapper (node:events:645:28)
      at Gunzip.emit (node:events:526:28)
      at endReadableNT (node:internal/streams/readable:1345:12)
      at processTicksAndRejections (node:internal/process/task_queues:83:21)

npm manifest: 
  No manifest

yarn manifest: 
  No manifest

Lockfile: 
  No lockfile
